<?xml version="1.0" encoding="UTF-8"?>
<!-- Generated by org.testng.reporters.JUnitReportReporter -->
<testsuite hostname="Ronels-MacBook-Pro.local" failures="0" tests="3" name="MyProject.Data_Provider" time="4.112" errors="0" timestamp="2024-01-06T18:36:28 EST" skipped="0">
  <testcase classname="MyProject.Data_Provider" name="checking" time="1.659"/>
  <system-out/>
  <testcase classname="MyProject.Data_Provider" name="checking" time="1.073"/>
  <system-out/>
  <testcase classname="MyProject.Data_Provider" name="checking" time="1.380"/>
  <system-out/>
</testsuite> <!-- MyProject.Data_Provider -->
