<?xml version="1.0" encoding="UTF-8"?>
<!-- Generated by org.testng.reporters.JUnitReportReporter -->
<testsuite hostname="Ronels-MacBook-Pro.local" failures="0" tests="1" name="assignmentTestNG.dashBoardPage" time="10.861" errors="0" timestamp="2024-01-14T17:17:51 EST" skipped="0">
  <testcase classname="assignmentTestNG.dashBoardPage" name="dashboard" time="10.861"/>
  <system-out/>
</testsuite> <!-- assignmentTestNG.dashBoardPage -->
