<?xml version="1.0" encoding="UTF-8"?>
<!-- Generated by org.testng.reporters.JUnitReportReporter -->
<testsuite hostname="Ronels-MacBook-Pro.local" failures="0" tests="3" name="testNG_Package.OpenWebsite" time="24.784" errors="0" timestamp="2024-01-11T17:41:13 EST" skipped="0">
  <testcase classname="testNG_Package.OpenWebsite" name="openingYahooSite" time="9.984"/>
  <system-out/>
  <testcase classname="testNG_Package.OpenWebsite" name="openingAmazonSite" time="7.238"/>
  <system-out/>
  <testcase classname="testNG_Package.OpenWebsite" name="openingCnbcSite" time="7.562"/>
  <system-out/>
</testsuite> <!-- testNG_Package.OpenWebsite -->
