<?xml version="1.0" encoding="UTF-8"?>
<!-- Generated by org.testng.reporters.JUnitReportReporter -->
<testsuite hostname="Ronels-MacBook-Pro.local" failures="0" tests="3" name="testNG_Package.priorityClass" time="13.369" errors="0" timestamp="2023-12-30T11:12:07 EST" skipped="0">
  <testcase classname="testNG_Package.priorityClass" name="openingAmazonSite" time="3.256"/>
  <system-out/>
  <testcase classname="testNG_Package.priorityClass" name="openingYahooSite" time="6.539"/>
  <system-out/>
  <testcase classname="testNG_Package.priorityClass" name="openingCnbcSite" time="3.574"/>
  <system-out/>
</testsuite> <!-- testNG_Package.priorityClass -->
