<?xml version="1.0" encoding="UTF-8"?>
<!-- Generated by org.testng.reporters.JUnitReportReporter -->
<testsuite hostname="Ronels-MacBook-Pro.local" failures="0" tests="1" name="testNG_Package.NewTest" time="0.002" errors="0" timestamp="2024-01-06T06:56:52 EST" skipped="0">
  <testcase classname="testNG_Package.NewTest" name="f" time="0.002"/>
  <system-out/>
</testsuite> <!-- testNG_Package.NewTest -->
