<?xml version="1.0" encoding="UTF-8"?>
<!-- Generated by org.testng.reporters.JUnitReportReporter -->
<testsuite hostname="Ronels-MacBook-Pro.local" failures="0" tests="1" name="assignmentTestNG.verifyLogin" time="9.059" errors="0" timestamp="2024-01-14T13:00:09 EST" skipped="0">
  <testcase classname="assignmentTestNG.verifyLogin" name="f" time="9.059"/>
  <system-out/>
</testsuite> <!-- assignmentTestNG.verifyLogin -->
