<?xml version="1.0" encoding="UTF-8"?>
<!-- Generated by org.testng.reporters.JUnitReportReporter -->
<testsuite hostname="Ronels-MacBook-Pro.local" failures="0" tests="2" name="testNG_Package.BeforeTestClass" time="6.052" errors="0" timestamp="2024-01-11T17:37:03 EST" skipped="0">
  <testcase classname="testNG_Package.BeforeTestClass" name="assertHomePage" time="2.026"/>
  <system-out/>
  <testcase classname="testNG_Package.BeforeTestClass" name="performLogin" time="4.026"/>
  <system-out/>
</testsuite> <!-- testNG_Package.BeforeTestClass -->
