<?xml version="1.0" encoding="UTF-8"?>
<!-- Generated by org.testng.reporters.JUnitReportReporter -->
<testsuite hostname="Ronels-MacBook-Pro.local" failures="0" tests="2" name="testNG_Package.TimeOutClass" time="1.009" errors="0" timestamp="2024-01-11T17:43:46 EST" skipped="0">
  <testcase classname="testNG_Package.TimeOutClass" name="simplePrint" time="0.003"/>
  <system-out/>
  <testcase classname="testNG_Package.TimeOutClass" name="waitFor2Seconds" time="1.006"/>
  <system-out/>
</testsuite> <!-- testNG_Package.TimeOutClass -->
