<?xml version="1.0" encoding="UTF-8"?>
<!-- Generated by org.testng.reporters.JUnitReportReporter -->
<testsuite hostname="Ronels-MacBook-Pro.local" failures="0" tests="3" name="testNG_Package.Data_ProviderClass" time="10.752" errors="0" timestamp="2024-01-09T18:00:10 EST" skipped="0">
  <testcase classname="testNG_Package.Data_ProviderClass" name="checking" time="3.512"/>
  <system-out/>
  <testcase classname="testNG_Package.Data_ProviderClass" name="checking" time="3.195"/>
  <system-out/>
  <testcase classname="testNG_Package.Data_ProviderClass" name="checking" time="4.045"/>
  <system-out/>
</testsuite> <!-- testNG_Package.Data_ProviderClass -->
